-------------------------------------------------------------------------------
Test set: com.test.TestVoidMethodTestCase
-------------------------------------------------------------------------------
Tests run: 1, Failures: 1, Errors: 0, Skipped: 0, Time elapsed: 0.051 sec <<< FAILURE!
com.test.TestVoidMethodTestCase.testVoidMethod()  Time elapsed: 0.05 sec  <<< FAILURE!
org.opentest4j.AssertionFailedError: expected: <2> but was: <0>
	at org.junit.jupiter.api.AssertionUtils.fail(AssertionUtils.java:55)
	at org.junit.jupiter.api.AssertionUtils.failNotEqual(AssertionUtils.java:62)
	at org.junit.jupiter.api.AssertEquals.assertEquals(AssertEquals.java:150)
	at org.junit.jupiter.api.AssertEquals.assertEquals(AssertEquals.java:145)
	at org.junit.jupiter.api.Assertions.assertEquals(Assertions.java:527)
	at com.test.TestVoidMethodTestCase.testVoidMethod(TestVoidMethodTestCase.java:25)

